platforms/android/app/build/outputs/logs/manifest-merger-release-report.txt
-- Merging decision tree log ---
provider#nl.xservices.plugins.FileProvider
INJECTED from src\main\AndroidManifest.xml:17:9-19:20
	android:grantUriPermissions
		ADDED from src\main\AndroidManifest.xml:17:100-134
	android:authorities
		INJECTED from src\main\AndroidManifest.xml
		ADDED from src\main\AndroidManifest.xml:17:19-74
	android:exported
		ADDED from src\main\AndroidManifest.xml:17:75-99
	android:name
		ADDED from src\main\AndroidManifest.xml:17:135-183
manifest
ADDED from src\main\AndroidManifest.xml:2:1-39:12
INJECTED from src\main\AndroidManifest.xml:2:1-39:12
INJECTED from src\main\AndroidManifest.xml:2:1-39:12
INJECTED from src\main\AndroidManifest.xml:2:1-39:12
MERGED from [org.altbeacon:android-beacon-library:2.15.2] AndroidManifest.xml:2:1-58:12
MERGED from [me.leolin:ShortcutBadger:1.1.22] AndroidManifest.xml:2:1-52:12
MERGED from [com.razorpay:checkout:1.5.2] AndroidManifest.xml:2:1-32:12
MERGED from [com.onesignal:OneSignal:3.10.3] AndroidManifest.xml:2:1-108:12
MERGED from [com.google.firebase:firebase-messaging:12.0.1] AndroidManifest.xml:17:1-37:12
MERGED from [com.google.android.gms:play-services-location:12.0.1] AndroidManifest.xml:2:1-9:12
MERGED from [com.google.android.gms:play-services-base:12.0.1] AndroidManifest.xml:17:1-29:12
MERGED from [com.google.firebase:firebase-iid:12.0.1] AndroidManifest.xml:17:1-59:12
MERGED from [com.google.firebase:firebase-common:12.0.1] AndroidManifest.xml:2:1-15:12
MERGED from [com.google.android.gms:play-services-tasks:12.0.1] AndroidManifest.xml:2:1-9:12
MERGED from [com.google.android.gms:play-services-basement:12.0.1] AndroidManifest.xml:17:1-28:12
MERGED from [com.android.support:support-v4:27.1.1] AndroidManifest.xml:17:1-22:12
MERGED from [com.android.support:support-fragment:27.1.1] AndroidManifest.xml:17:1-22:12
MERGED from [com.android.support:customtabs:27.1.1] AndroidManifest.xml:17:1-22:12
MERGED from [com.android.support:support-core-ui:27.1.1] AndroidManifest.xml:17:1-22:12
MERGED from [com.android.support:support-core-utils:27.1.1] AndroidManifest.xml:17:1-22:12
MERGED from [:CordovaLib] AndroidManifest.xml:20:1-25:12
MERGED from [com.android.support:support-media-compat:27.1.1] AndroidManifest.xml:17:1-22:12
MERGED from [com.android.support:support-compat:27.1.1] AndroidManifest.xml:17:1-22:12
MERGED from [android.arch.lifecycle:runtime:1.1.0] AndroidManifest.xml:17:1-22:12
MERGED from [android.arch.lifecycle:livedata-core:1.1.0] AndroidManifest.xml:17:1-22:12
MERGED from [android.arch.lifecycle:viewmodel:1.1.0] AndroidManifest.xml:17:1-22:12
MERGED from [com.google.firebase:firebase-messaging-license:12.0.1] AndroidManifest.xml:17:1-24:12
MERGED from [com.google.android.gms:play-services-location-license:12.0.1] AndroidManifest.xml:17:1-24:12
MERGED from [com.google.android.gms:play-services-base-license:12.0.1] AndroidManifest.xml:17:1-24:12
MERGED from [android.arch.core:runtime:1.1.0] AndroidManifest.xml:17:1-22:12
MERGED from [com.google.firebase:firebase-iid-license:12.0.1] AndroidManifest.xml:17:1-24:12
MERGED from [com.google.android.gms:play-services-basement-license:12.0.1] AndroidManifest.xml:17:1-24:12
MERGED from [com.google.firebase:firebase-common-license:12.0.1] AndroidManifest.xml:17:1-24:12
MERGED from [com.google.android.gms:play-services-tasks-license:12.0.1] AndroidManifest.xml:17:1-24:12
INJECTED from src\main\AndroidManifest.xml:2:1-39:12
INJECTED from src\main\AndroidManifest.xml:2:1-39:12
INJECTED from src\main\AndroidManifest.xml:2:1-39:12
	package
		ADDED from src\main\AndroidManifest.xml:2:102-126
		INJECTED from src\main\AndroidManifest.xml
		INJECTED from src\main\AndroidManifest.xml
	android:versionName
		ADDED from src\main\AndroidManifest.xml:2:74-101
		INJECTED from src\main\AndroidManifest.xml
		INJECTED from src\main\AndroidManifest.xml
	android:hardwareAccelerated
		ADDED from src\main\AndroidManifest.xml:2:11-45
	xmlns:android
		ADDED from src\main\AndroidManifest.xml:2:127-185
	android:versionCode
		ADDED from src\main\AndroidManifest.xml:2:46-73
		INJECTED from src\main\AndroidManifest.xml
		INJECTED from src\main\AndroidManifest.xml
supports-screens
ADDED from src\main\AndroidManifest.xml:3:5-191
	android:largeScreens
		ADDED from src\main\AndroidManifest.xml:3:49-76
	android:smallScreens
		ADDED from src\main\AndroidManifest.xml:3:132-159
	android:normalScreens
		ADDED from src\main\AndroidManifest.xml:3:77-105
	android:xlargeScreens
		ADDED from src\main\AndroidManifest.xml:3:160-188
	android:resizeable
		ADDED from src\main\AndroidManifest.xml:3:106-131
	android:anyDensity
		ADDED from src\main\AndroidManifest.xml:3:23-48
uses-permission#android.permission.INTERNET
ADDED from src\main\AndroidManifest.xml:4:5-67
MERGED from [com.razorpay:checkout:1.5.2] AndroidManifest.xml:9:5-67
MERGED from [com.razorpay:checkout:1.5.2] AndroidManifest.xml:9:5-67
MERGED from [com.onesignal:OneSignal:3.10.3] AndroidManifest.xml:17:5-67
MERGED from [com.onesignal:OneSignal:3.10.3] AndroidManifest.xml:17:5-67
MERGED from [com.google.firebase:firebase-iid:12.0.1] AndroidManifest.xml:23:5-67
MERGED from [com.google.firebase:firebase-iid:12.0.1] AndroidManifest.xml:23:5-67
	android:name
		ADDED from src\main\AndroidManifest.xml:4:22-64
application
ADDED from src\main\AndroidManifest.xml:5:5-29:19
MERGED from [org.altbeacon:android-beacon-library:2.15.2] AndroidManifest.xml:20:5-56:19
MERGED from [org.altbeacon:android-beacon-library:2.15.2] AndroidManifest.xml:20:5-56:19
MERGED from [com.razorpay:checkout:1.5.2] AndroidManifest.xml:11:5-30:19
MERGED from [com.razorpay:checkout:1.5.2] AndroidManifest.xml:11:5-30:19
MERGED from [com.onesignal:OneSignal:3.10.3] AndroidManifest.xml:49:5-106:19
MERGED from [com.onesignal:OneSignal:3.10.3] AndroidManifest.xml:49:5-106:19
MERGED from [com.google.firebase:firebase-messaging:12.0.1] AndroidManifest.xml:22:5-35:19
MERGED from [com.google.firebase:firebase-messaging:12.0.1] AndroidManifest.xml:22:5-35:19
MERGED from [com.google.android.gms:play-services-location:12.0.1] AndroidManifest.xml:7:5-20
MERGED from [com.google.android.gms:play-services-location:12.0.1] AndroidManifest.xml:7:5-20
MERGED from [com.google.android.gms:play-services-base:12.0.1] AndroidManifest.xml:22:5-27:19
MERGED from [com.google.android.gms:play-services-base:12.0.1] AndroidManifest.xml:22:5-27:19
MERGED from [com.google.firebase:firebase-iid:12.0.1] AndroidManifest.xml:34:5-57:19
MERGED from [com.google.firebase:firebase-iid:12.0.1] AndroidManifest.xml:34:5-57:19
MERGED from [com.google.firebase:firebase-common:12.0.1] AndroidManifest.xml:7:5-13:19
MERGED from [com.google.firebase:firebase-common:12.0.1] AndroidManifest.xml:7:5-13:19
MERGED from [com.google.android.gms:play-services-tasks:12.0.1] AndroidManifest.xml:7:5-20
MERGED from [com.google.android.gms:play-services-tasks:12.0.1] AndroidManifest.xml:7:5-20
MERGED from [com.google.android.gms:play-services-basement:12.0.1] AndroidManifest.xml:22:5-26:19
MERGED from [com.google.android.gms:play-services-basement:12.0.1] AndroidManifest.xml:22:5-26:19
MERGED from [com.google.firebase:firebase-messaging-license:12.0.1] AndroidManifest.xml:22:5-20
MERGED from [com.google.firebase:firebase-messaging-license:12.0.1] AndroidManifest.xml:22:5-20
MERGED from [com.google.android.gms:play-services-location-license:12.0.1] AndroidManifest.xml:22:5-20
MERGED from [com.google.android.gms:play-services-location-license:12.0.1] AndroidManifest.xml:22:5-20
MERGED from [com.google.android.gms:play-services-base-license:12.0.1] AndroidManifest.xml:22:5-20
MERGED from [com.google.android.gms:play-services-base-license:12.0.1] AndroidManifest.xml:22:5-20
MERGED from [com.google.firebase:firebase-iid-license:12.0.1] AndroidManifest.xml:22:5-20
MERGED from [com.google.firebase:firebase-iid-license:12.0.1] AndroidManifest.xml:22:5-20
MERGED from [com.google.android.gms:play-services-basement-license:12.0.1] AndroidManifest.xml:22:5-20
MERGED from [com.google.android.gms:play-services-basement-license:12.0.1] AndroidManifest.xml:22:5-20
MERGED from [com.google.firebase:firebase-common-license:12.0.1] AndroidManifest.xml:22:5-20
MERGED from [com.google.firebase:firebase-common-license:12.0.1] AndroidManifest.xml:22:5-20
MERGED from [com.google.android.gms:play-services-tasks-license:12.0.1] AndroidManifest.xml:22:5-20
MERGED from [com.google.android.gms:play-services-tasks-license:12.0.1] AndroidManifest.xml:22:5-20
	android:supportsRtl
		ADDED from src\main\AndroidManifest.xml:5:114-140
	android:label
		ADDED from src\main\AndroidManifest.xml:5:81-113
	android:hardwareAccelerated
		ADDED from src\main\AndroidManifest.xml:5:18-52
	android:icon
		ADDED from src\main\AndroidManifest.xml:5:53-80
activity#com.digitalbar.MainActivity
ADDED from src\main\AndroidManifest.xml:6:9-11:20
	android:label
		ADDED from src\main\AndroidManifest.xml:6:97-134
	android:launchMode
		ADDED from src\main\AndroidManifest.xml:6:135-165
	android:windowSoftInputMode
		ADDED from src\main\AndroidManifest.xml:6:257-299
	android:configChanges
		ADDED from src\main\AndroidManifest.xml:6:19-96
	android:theme
		ADDED from src\main\AndroidManifest.xml:6:194-256
	android:name
		ADDED from src\main\AndroidManifest.xml:6:166-193
intent-filter#action:name:android.intent.action.MAIN+category:name:android.intent.category.LAUNCHER
ADDED from src\main\AndroidManifest.xml:7:13-10:29
	android:label
		ADDED from src\main\AndroidManifest.xml:7:28-65
action#android.intent.action.MAIN
ADDED from src\main\AndroidManifest.xml:8:17-69
	android:name
		ADDED from src\main\AndroidManifest.xml:8:25-66
category#android.intent.category.LAUNCHER
ADDED from src\main\AndroidManifest.xml:9:17-77
	android:name
		ADDED from src\main\AndroidManifest.xml:9:27-74
receiver#nl.xservices.plugins.ShareChooserPendingIntent
ADDED from src\main\AndroidManifest.xml:12:9-16:20
	android:enabled
		ADDED from src\main\AndroidManifest.xml:12:19-41
	android:name
		ADDED from src\main\AndroidManifest.xml:12:42-103
intent-filter#action:name:android.intent.action.SEND
ADDED from src\main\AndroidManifest.xml:13:13-15:29
action#android.intent.action.SEND
ADDED from src\main\AndroidManifest.xml:14:17-69
	android:name
		ADDED from src\main\AndroidManifest.xml:14:25-66
amazon:enable-feature
ADDED from src\main\AndroidManifest.xml:20:9-159
	xmlns:amazon
		ADDED from src\main\AndroidManifest.xml:20:100-156
	android:required
		ADDED from src\main\AndroidManifest.xml:20:75-99
	android:name
		ADDED from src\main\AndroidManifest.xml:20:32-74
service#com.onesignal.ADMMessageHandler
ADDED from src\main\AndroidManifest.xml:21:9-92
	android:exported
		ADDED from src\main\AndroidManifest.xml:21:18-42
	android:name
		ADDED from src\main\AndroidManifest.xml:21:43-89
receiver#com.onesignal.ADMMessageHandler$Receiver
ADDED from src\main\AndroidManifest.xml:22:9-28:20
	android:permission
		ADDED from src\main\AndroidManifest.xml:22:75-139
	android:name
		ADDED from src\main\AndroidManifest.xml:22:19-74
intent-filter#action:name:com.amazon.device.messaging.intent.RECEIVE+action:name:com.amazon.device.messaging.intent.REGISTRATION+category:name:com.phonegap.Localmandi
ADDED from src\main\AndroidManifest.xml:23:13-27:29
action#com.amazon.device.messaging.intent.REGISTRATION
ADDED from src\main\AndroidManifest.xml:24:17-90
	android:name
		ADDED from src\main\AndroidManifest.xml:24:25-87
action#com.amazon.device.messaging.intent.RECEIVE
ADDED from src\main\AndroidManifest.xml:25:17-85
	android:name
		ADDED from src\main\AndroidManifest.xml:25:25-82
category#com.phonegap.Localmandi
ADDED from src\main\AndroidManifest.xml:26:17-68
	android:name
		ADDED from src\main\AndroidManifest.xml:26:27-65
uses-permission#android.permission.RECEIVE_SMS
ADDED from src\main\AndroidManifest.xml:30:5-70
	android:name
		ADDED from src\main\AndroidManifest.xml:30:22-67
uses-permission#android.permission.WRITE_EXTERNAL_STORAGE
ADDED from src\main\AndroidManifest.xml:31:5-81
	android:name
		ADDED from src\main\AndroidManifest.xml:31:22-78
uses-permission#com.amazon.device.messaging.permission.RECEIVE
ADDED from src\main\AndroidManifest.xml:32:5-86
	android:name
		ADDED from src\main\AndroidManifest.xml:32:22-83
permission#com.phonegap.Localmandi.permission.RECEIVE_ADM_MESSAGE
ADDED from src\main\AndroidManifest.xml:33:5-125
	android:protectionLevel
		ADDED from src\main\AndroidManifest.xml:33:87-122
	android:name
		ADDED from src\main\AndroidManifest.xml:33:17-86
uses-permission#com.phonegap.Localmandi.permission.RECEIVE_ADM_MESSAGE
ADDED from src\main\AndroidManifest.xml:34:5-94
	android:name
		ADDED from src\main\AndroidManifest.xml:34:22-91
uses-permission#android.permission.READ_EXTERNAL_STORAGE
ADDED from src\main\AndroidManifest.xml:35:5-80
	android:name
		ADDED from src\main\AndroidManifest.xml:35:22-77
uses-permission#android.permission.CAMERA
ADDED from src\main\AndroidManifest.xml:36:5-65
	android:name
		ADDED from src\main\AndroidManifest.xml:36:22-62
uses-feature#android.hardware.camera.any
ADDED from src\main\AndroidManifest.xml:37:5-64
	android:name
		ADDED from src\main\AndroidManifest.xml:37:19-61
uses-feature#android.hardware.camera.autofocus
ADDED from src\main\AndroidManifest.xml:38:5-70
	android:name
		ADDED from src\main\AndroidManifest.xml:38:19-67
uses-sdk
INJECTED from src\main\AndroidManifest.xml reason: use-sdk injection requested
INJECTED from src\main\AndroidManifest.xml
MERGED from [org.altbeacon:android-beacon-library:2.15.2] AndroidManifest.xml:7:5-9:41
MERGED from [org.altbeacon:android-beacon-library:2.15.2] AndroidManifest.xml:7:5-9:41
MERGED from [me.leolin:ShortcutBadger:1.1.22] AndroidManifest.xml:7:5-9:41
MERGED from [me.leolin:ShortcutBadger:1.1.22] AndroidManifest.xml:7:5-9:41
MERGED from [com.razorpay:checkout:1.5.2] AndroidManifest.xml:5:5-7:41
MERGED from [com.razorpay:checkout:1.5.2] AndroidManifest.xml:5:5-7:41
MERGED from [com.onesignal:OneSignal:3.10.3] AndroidManifest.xml:5:5-44
MERGED from [com.onesignal:OneSignal:3.10.3] AndroidManifest.xml:5:5-44
MERGED from [com.google.firebase:firebase-messaging:12.0.1] AndroidManifest.xml:20:5-44
MERGED from [com.google.firebase:firebase-messaging:12.0.1] AndroidManifest.xml:20:5-44
MERGED from [com.google.android.gms:play-services-location:12.0.1] AndroidManifest.xml:5:5-44
MERGED from [com.google.android.gms:play-services-location:12.0.1] AndroidManifest.xml:5:5-44
MERGED from [com.google.android.gms:play-services-base:12.0.1] AndroidManifest.xml:20:5-44
MERGED from [com.google.android.gms:play-services-base:12.0.1] AndroidManifest.xml:20:5-44
MERGED from [com.google.firebase:firebase-iid:12.0.1] AndroidManifest.xml:20:5-44
MERGED from [com.google.firebase:firebase-iid:12.0.1] AndroidManifest.xml:20:5-44
MERGED from [com.google.firebase:firebase-common:12.0.1] AndroidManifest.xml:5:5-44
MERGED from [com.google.firebase:firebase-common:12.0.1] AndroidManifest.xml:5:5-44
MERGED from [com.google.android.gms:play-services-tasks:12.0.1] AndroidManifest.xml:5:5-44
MERGED from [com.google.android.gms:play-services-tasks:12.0.1] AndroidManifest.xml:5:5-44
MERGED from [com.google.android.gms:play-services-basement:12.0.1] AndroidManifest.xml:20:5-44
MERGED from [com.google.android.gms:play-services-basement:12.0.1] AndroidManifest.xml:20:5-44
MERGED from [com.android.support:support-v4:27.1.1] AndroidManifest.xml:20:5-44
MERGED from [com.android.support:support-v4:27.1.1] AndroidManifest.xml:20:5-44
MERGED from [com.android.support:support-fragment:27.1.1] AndroidManifest.xml:20:5-44
MERGED from [com.android.support:support-fragment:27.1.1] AndroidManifest.xml:20:5-44
MERGED from [com.android.support:customtabs:27.1.1] AndroidManifest.xml:20:5-44
MERGED from [com.android.support:customtabs:27.1.1] AndroidManifest.xml:20:5-44
MERGED from [com.android.support:support-core-ui:27.1.1] AndroidManifest.xml:20:5-44
MERGED from [com.android.support:support-core-ui:27.1.1] AndroidManifest.xml:20:5-44
MERGED from [com.android.support:support-core-utils:27.1.1] AndroidManifest.xml:20:5-44
MERGED from [com.android.support:support-core-utils:27.1.1] AndroidManifest.xml:20:5-44
MERGED from [com.android.support:support-media-compat:27.1.1] AndroidManifest.xml:20:5-44
MERGED from [com.android.support:support-media-compat:27.1.1] AndroidManifest.xml:20:5-44
MERGED from [com.android.support:support-compat:27.1.1] AndroidManifest.xml:20:5-44
MERGED from [com.android.support:support-compat:27.1.1] AndroidManifest.xml:20:5-44
MERGED from [android.arch.lifecycle:runtime:1.1.0] AndroidManifest.xml:20:5-44
MERGED from [android.arch.lifecycle:runtime:1.1.0] AndroidManifest.xml:20:5-44
MERGED from [android.arch.lifecycle:livedata-core:1.1.0] AndroidManifest.xml:20:5-44
MERGED from [android.arch.lifecycle:livedata-core:1.1.0] AndroidManifest.xml:20:5-44
MERGED from [android.arch.lifecycle:viewmodel:1.1.0] AndroidManifest.xml:20:5-44
MERGED from [android.arch.lifecycle:viewmodel:1.1.0] AndroidManifest.xml:20:5-44
MERGED from [com.google.firebase:firebase-messaging-license:12.0.1] AndroidManifest.xml:20:5-44
MERGED from [com.google.firebase:firebase-messaging-license:12.0.1] AndroidManifest.xml:20:5-44
MERGED from [com.google.android.gms:play-services-location-license:12.0.1] AndroidManifest.xml:20:5-44
MERGED from [com.google.android.gms:play-services-location-license:12.0.1] AndroidManifest.xml:20:5-44
MERGED from [com.google.android.gms:play-services-base-license:12.0.1] AndroidManifest.xml:20:5-44
MERGED from [com.google.android.gms:play-services-base-license:12.0.1] AndroidManifest.xml:20:5-44
MERGED from [android.arch.core:runtime:1.1.0] AndroidManifest.xml:20:5-44
MERGED from [android.arch.core:runtime:1.1.0] AndroidManifest.xml:20:5-44
MERGED from [com.google.firebase:firebase-iid-license:12.0.1] AndroidManifest.xml:20:5-44
MERGED from [com.google.firebase:firebase-iid-license:12.0.1] AndroidManifest.xml:20:5-44
MERGED from [com.google.android.gms:play-services-basement-license:12.0.1] AndroidManifest.xml:20:5-44
MERGED from [com.google.android.gms:play-services-basement-license:12.0.1] AndroidManifest.xml:20:5-44
MERGED from [com.google.firebase:firebase-common-license:12.0.1] AndroidManifest.xml:20:5-44
MERGED from [com.google.firebase:firebase-common-license:12.0.1] AndroidManifest.xml:20:5-44
MERGED from [com.google.android.gms:play-services-tasks-license:12.0.1] AndroidManifest.xml:20:5-44
MERGED from [com.google.android.gms:play-services-tasks-license:12.0.1] AndroidManifest.xml:20:5-44
INJECTED from src\main\AndroidManifest.xml
	android:targetSdkVersion
		ADDED from [org.altbeacon:android-beacon-library:2.15.2] AndroidManifest.xml:9:9-38
	android:minSdkVersion
		INJECTED from src\main\AndroidManifest.xml
		ADDED from src\main\AndroidManifest.xml
		INJECTED from src\main\AndroidManifest.xml
meta-data#android.support.FILE_PROVIDER_PATHS
ADDED from src\main\AndroidManifest.xml:18:13-115
	android:resource
		ADDED from src\main\AndroidManifest.xml:18:75-112
	android:name
		ADDED from src\main\AndroidManifest.xml:18:24-74
uses-permission#android.permission.BLUETOOTH
ADDED from [org.altbeacon:android-beacon-library:2.15.2] AndroidManifest.xml:11:5-13:36
	android:required
		ADDED from [org.altbeacon:android-beacon-library:2.15.2] AndroidManifest.xml:13:9-33
	android:name
		ADDED from [org.altbeacon:android-beacon-library:2.15.2] AndroidManifest.xml:12:9-52
uses-permission#android.permission.BLUETOOTH_ADMIN
ADDED from [org.altbeacon:android-beacon-library:2.15.2] AndroidManifest.xml:14:5-16:36
	android:required
		ADDED from [org.altbeacon:android-beacon-library:2.15.2] AndroidManifest.xml:16:9-33
	android:name
		ADDED from [org.altbeacon:android-beacon-library:2.15.2] AndroidManifest.xml:15:9-58
uses-permission#android.permission.RECEIVE_BOOT_COMPLETED
ADDED from [org.altbeacon:android-beacon-library:2.15.2] AndroidManifest.xml:17:5-81
MERGED from [com.onesignal:OneSignal:3.10.3] AndroidManifest.xml:30:5-81
MERGED from [com.onesignal:OneSignal:3.10.3] AndroidManifest.xml:30:5-81
	android:name
		ADDED from [org.altbeacon:android-beacon-library:2.15.2] AndroidManifest.xml:17:22-78
uses-permission#android.permission.ACCESS_COARSE_LOCATION
ADDED from [org.altbeacon:android-beacon-library:2.15.2] AndroidManifest.xml:18:5-81
	android:name
		ADDED from [org.altbeacon:android-beacon-library:2.15.2] AndroidManifest.xml:18:22-78
receiver#org.altbeacon.beacon.startup.StartupBroadcastReceiver
ADDED from [org.altbeacon:android-beacon-library:2.15.2] AndroidManifest.xml:21:9-27:20
	android:name
		ADDED from [org.altbeacon:android-beacon-library:2.15.2] AndroidManifest.xml:21:19-87
intent-filter#action:name:android.intent.action.ACTION_POWER_CONNECTED+action:name:android.intent.action.ACTION_POWER_DISCONNECTED+action:name:android.intent.action.BOOT_COMPLETED
ADDED from [org.altbeacon:android-beacon-library:2.15.2] AndroidManifest.xml:22:13-26:29
action#android.intent.action.BOOT_COMPLETED
ADDED from [org.altbeacon:android-beacon-library:2.15.2] AndroidManifest.xml:23:17-79
	android:name
		ADDED from [org.altbeacon:android-beacon-library:2.15.2] AndroidManifest.xml:23:25-76
action#android.intent.action.ACTION_POWER_CONNECTED
ADDED from [org.altbeacon:android-beacon-library:2.15.2] AndroidManifest.xml:24:17-87
	android:name
		ADDED from [org.altbeacon:android-beacon-library:2.15.2] AndroidManifest.xml:24:25-84
action#android.intent.action.ACTION_POWER_DISCONNECTED
ADDED from [org.altbeacon:android-beacon-library:2.15.2] AndroidManifest.xml:25:17-90
	android:name
		ADDED from [org.altbeacon:android-beacon-library:2.15.2] AndroidManifest.xml:25:25-87
service#org.altbeacon.beacon.service.BeaconService
ADDED from [org.altbeacon:android-beacon-library:2.15.2] AndroidManifest.xml:29:9-34:38
	android:enabled
		ADDED from [org.altbeacon:android-beacon-library:2.15.2] AndroidManifest.xml:31:13-35
	android:label
		ADDED from [org.altbeacon:android-beacon-library:2.15.2] AndroidManifest.xml:34:13-35
	android:exported
		ADDED from [org.altbeacon:android-beacon-library:2.15.2] AndroidManifest.xml:32:13-37
	android:isolatedProcess
		ADDED from [org.altbeacon:android-beacon-library:2.15.2] AndroidManifest.xml:33:13-44
	android:name
		ADDED from [org.altbeacon:android-beacon-library:2.15.2] AndroidManifest.xml:30:13-70
service#org.altbeacon.beacon.BeaconIntentProcessor
ADDED from [org.altbeacon:android-beacon-library:2.15.2] AndroidManifest.xml:35:9-38:40
	android:enabled
		ADDED from [org.altbeacon:android-beacon-library:2.15.2] AndroidManifest.xml:37:13-35
	android:exported
		ADDED from [org.altbeacon:android-beacon-library:2.15.2] AndroidManifest.xml:38:13-37
	android:name
		ADDED from [org.altbeacon:android-beacon-library:2.15.2] AndroidManifest.xml:36:13-70
service#org.altbeacon.beacon.service.ScanJob
ADDED from [org.altbeacon:android-beacon-library:2.15.2] AndroidManifest.xml:39:9-48:19
	android:permission
		ADDED from [org.altbeacon:android-beacon-library:2.15.2] AndroidManifest.xml:41:13-69
	android:name
		ADDED from [org.altbeacon:android-beacon-library:2.15.2] AndroidManifest.xml:40:13-64
meta-data#immediateScanJobId
ADDED from [org.altbeacon:android-beacon-library:2.15.2] AndroidManifest.xml:42:13-44:45
	android:value
		ADDED from [org.altbeacon:android-beacon-library:2.15.2] AndroidManifest.xml:44:17-42
	android:name
		ADDED from [org.altbeacon:android-beacon-library:2.15.2] AndroidManifest.xml:43:17-50
meta-data#periodicScanJobId
ADDED from [org.altbeacon:android-beacon-library:2.15.2] AndroidManifest.xml:45:13-47:45
	android:value
		ADDED from [org.altbeacon:android-beacon-library:2.15.2] AndroidManifest.xml:47:17-42
	android:name
		ADDED from [org.altbeacon:android-beacon-library:2.15.2] AndroidManifest.xml:46:17-49
service#org.altbeacon.bluetooth.BluetoothTestJob
ADDED from [org.altbeacon:android-beacon-library:2.15.2] AndroidManifest.xml:49:9-55:19
	android:permission
		ADDED from [org.altbeacon:android-beacon-library:2.15.2] AndroidManifest.xml:51:13-69
	android:name
		ADDED from [org.altbeacon:android-beacon-library:2.15.2] AndroidManifest.xml:50:13-68
meta-data#jobId
ADDED from [org.altbeacon:android-beacon-library:2.15.2] AndroidManifest.xml:52:13-54:46
	android:value
		ADDED from [org.altbeacon:android-beacon-library:2.15.2] AndroidManifest.xml:54:17-43
	android:name
		ADDED from [org.altbeacon:android-beacon-library:2.15.2] AndroidManifest.xml:53:17-37
uses-permission#com.sec.android.provider.badge.permission.READ
ADDED from [me.leolin:ShortcutBadger:1.1.22] AndroidManifest.xml:19:5-86
MERGED from [com.onesignal:OneSignal:3.10.3] AndroidManifest.xml:32:5-86
MERGED from [com.onesignal:OneSignal:3.10.3] AndroidManifest.xml:32:5-86
	android:name
		ADDED from [me.leolin:ShortcutBadger:1.1.22] AndroidManifest.xml:19:22-83
uses-permission#com.sec.android.provider.badge.permission.WRITE
ADDED from [me.leolin:ShortcutBadger:1.1.22] AndroidManifest.xml:20:5-87
MERGED from [com.onesignal:OneSignal:3.10.3] AndroidManifest.xml:33:5-87
MERGED from [com.onesignal:OneSignal:3.10.3] AndroidManifest.xml:33:5-87
	android:name
		ADDED from [me.leolin:ShortcutBadger:1.1.22] AndroidManifest.xml:20:22-84
uses-permission#com.htc.launcher.permission.READ_SETTINGS
ADDED from [me.leolin:ShortcutBadger:1.1.22] AndroidManifest.xml:23:5-81
MERGED from [com.onesignal:OneSignal:3.10.3] AndroidManifest.xml:34:5-81
MERGED from [com.onesignal:OneSignal:3.10.3] AndroidManifest.xml:34:5-81
	android:name
		ADDED from [me.leolin:ShortcutBadger:1.1.22] AndroidManifest.xml:23:22-78
uses-permission#com.htc.launcher.permission.UPDATE_SHORTCUT
ADDED from [me.leolin:ShortcutBadger:1.1.22] AndroidManifest.xml:24:5-83
MERGED from [com.onesignal:OneSignal:3.10.3] AndroidManifest.xml:35:5-83
MERGED from [com.onesignal:OneSignal:3.10.3] AndroidManifest.xml:35:5-83
	android:name
		ADDED from [me.leolin:ShortcutBadger:1.1.22] AndroidManifest.xml:24:22-80
uses-permission#com.sonyericsson.home.permission.BROADCAST_BADGE
ADDED from [me.leolin:ShortcutBadger:1.1.22] AndroidManifest.xml:27:5-88
MERGED from [com.onesignal:OneSignal:3.10.3] AndroidManifest.xml:36:5-88
MERGED from [com.onesignal:OneSignal:3.10.3] AndroidManifest.xml:36:5-88
	android:name
		ADDED from [me.leolin:ShortcutBadger:1.1.22] AndroidManifest.xml:27:22-85
uses-permission#com.sonymobile.home.permission.PROVIDER_INSERT_BADGE
ADDED from [me.leolin:ShortcutBadger:1.1.22] AndroidManifest.xml:28:5-92
MERGED from [com.onesignal:OneSignal:3.10.3] AndroidManifest.xml:37:5-92
MERGED from [com.onesignal:OneSignal:3.10.3] AndroidManifest.xml:37:5-92
	android:name
		ADDED from [me.leolin:ShortcutBadger:1.1.22] AndroidManifest.xml:28:22-89
uses-permission#com.anddoes.launcher.permission.UPDATE_COUNT
ADDED from [me.leolin:ShortcutBadger:1.1.22] AndroidManifest.xml:31:5-84
MERGED from [com.onesignal:OneSignal:3.10.3] AndroidManifest.xml:38:5-84
MERGED from [com.onesignal:OneSignal:3.10.3] AndroidManifest.xml:38:5-84
	android:name
		ADDED from [me.leolin:ShortcutBadger:1.1.22] AndroidManifest.xml:31:22-81
uses-permission#com.majeur.launcher.permission.UPDATE_BADGE
ADDED from [me.leolin:ShortcutBadger:1.1.22] AndroidManifest.xml:34:5-83
MERGED from [com.onesignal:OneSignal:3.10.3] AndroidManifest.xml:39:5-83
MERGED from [com.onesignal:OneSignal:3.10.3] AndroidManifest.xml:39:5-83
	android:name
		ADDED from [me.leolin:ShortcutBadger:1.1.22] AndroidManifest.xml:34:22-80
uses-permission#com.huawei.android.launcher.permission.CHANGE_BADGE
ADDED from [me.leolin:ShortcutBadger:1.1.22] AndroidManifest.xml:37:5-91
MERGED from [com.onesignal:OneSignal:3.10.3] AndroidManifest.xml:40:5-91
MERGED from [com.onesignal:OneSignal:3.10.3] AndroidManifest.xml:40:5-91
	android:name
		ADDED from [me.leolin:ShortcutBadger:1.1.22] AndroidManifest.xml:37:22-88
uses-permission#com.huawei.android.launcher.permission.READ_SETTINGS
ADDED from [me.leolin:ShortcutBadger:1.1.22] AndroidManifest.xml:38:5-92
MERGED from [com.onesignal:OneSignal:3.10.3] AndroidManifest.xml:41:5-92
MERGED from [com.onesignal:OneSignal:3.10.3] AndroidManifest.xml:41:5-92
	android:name
		ADDED from [me.leolin:ShortcutBadger:1.1.22] AndroidManifest.xml:38:22-89
uses-permission#com.huawei.android.launcher.permission.WRITE_SETTINGS
ADDED from [me.leolin:ShortcutBadger:1.1.22] AndroidManifest.xml:39:5-93
MERGED from [com.onesignal:OneSignal:3.10.3] AndroidManifest.xml:42:5-93
MERGED from [com.onesignal:OneSignal:3.10.3] AndroidManifest.xml:42:5-93
	android:name
		ADDED from [me.leolin:ShortcutBadger:1.1.22] AndroidManifest.xml:39:22-90
uses-permission#android.permission.READ_APP_BADGE
ADDED from [me.leolin:ShortcutBadger:1.1.22] AndroidManifest.xml:42:5-73
MERGED from [com.onesignal:OneSignal:3.10.3] AndroidManifest.xml:43:5-73
MERGED from [com.onesignal:OneSignal:3.10.3] AndroidManifest.xml:43:5-73
	android:name
		ADDED from [me.leolin:ShortcutBadger:1.1.22] AndroidManifest.xml:42:22-70
uses-permission#com.oppo.launcher.permission.READ_SETTINGS
ADDED from [me.leolin:ShortcutBadger:1.1.22] AndroidManifest.xml:45:5-82
MERGED from [com.onesignal:OneSignal:3.10.3] AndroidManifest.xml:44:5-82
MERGED from [com.onesignal:OneSignal:3.10.3] AndroidManifest.xml:44:5-82
	android:name
		ADDED from [me.leolin:ShortcutBadger:1.1.22] AndroidManifest.xml:45:22-79
uses-permission#com.oppo.launcher.permission.WRITE_SETTINGS
ADDED from [me.leolin:ShortcutBadger:1.1.22] AndroidManifest.xml:46:5-83
MERGED from [com.onesignal:OneSignal:3.10.3] AndroidManifest.xml:45:5-83
MERGED from [com.onesignal:OneSignal:3.10.3] AndroidManifest.xml:45:5-83
	android:name
		ADDED from [me.leolin:ShortcutBadger:1.1.22] AndroidManifest.xml:46:22-80
uses-permission#me.everything.badger.permission.BADGE_COUNT_READ
ADDED from [me.leolin:ShortcutBadger:1.1.22] AndroidManifest.xml:49:5-88
MERGED from [com.onesignal:OneSignal:3.10.3] AndroidManifest.xml:46:5-88
MERGED from [com.onesignal:OneSignal:3.10.3] AndroidManifest.xml:46:5-88
	android:name
		ADDED from [me.leolin:ShortcutBadger:1.1.22] AndroidManifest.xml:49:22-85
uses-permission#me.everything.badger.permission.BADGE_COUNT_WRITE